2024-05-30 05:40:38,017 - INFO - 
Динамический - 4.497004985809326
2024-05-30 05:40:38,018 - INFO - Минимальное расстояние для обхода всех городов: 28.722968220085093
2024-05-30 05:40:38,018 - INFO - Время выполнения: 4.497004985809326
2024-05-30 05:40:38,019 - INFO - Текущая память: 56118.00 KB; Пиковая память: 122127.00 KB
2024-05-30 05:40:47,507 - INFO - 
Генетический - 9.487002611160278
2024-05-30 05:40:47,507 - INFO - Минимальное расстояние для обхода всех городов: 28.722968220085093
2024-05-30 05:40:47,507 - INFO - Время выполнения: 9.487002611160278
2024-05-30 05:40:47,507 - INFO - Текущая память: 78902.00 KB; Пиковая память: 175906.00 KB
2024-05-30 05:41:02,876 - INFO - 
Муравьиный - 15.367731094360352
2024-05-30 05:41:02,876 - INFO - Минимальное расстояние для обхода всех городов: 28.722968220085093
2024-05-30 05:41:02,876 - INFO - Время выполнения: 15.367731094360352
2024-05-30 05:41:02,876 - INFO - Текущая память: 22044.00 KB; Пиковая память: 118788.00 KB
2024-05-30 05:45:42,549 - INFO - 
Динамический - 4.499016761779785
2024-05-30 05:45:42,550 - INFO - Минимальное расстояние для обхода всех городов: 28.722968220085093
2024-05-30 05:45:42,550 - INFO - Время выполнения: 4.499016761779785
2024-05-30 05:45:42,550 - INFO - Текущая память: 52597.00 KB; Пиковая память: 123784.00 KB
2024-05-30 05:45:52,127 - INFO - 
Генетический - 9.577019214630127
2024-05-30 05:45:52,127 - INFO - Минимальное расстояние для обхода всех городов: 28.722968220085093
2024-05-30 05:45:52,127 - INFO - Время выполнения: 9.577019214630127
2024-05-30 05:45:52,128 - INFO - Текущая память: 73431.00 KB; Пиковая память: 173835.00 KB
2024-05-30 05:46:07,360 - INFO - 
Муравьиный - 15.232442378997803
2024-05-30 05:46:07,360 - INFO - Минимальное расстояние для обхода всех городов: 28.722968220085093
2024-05-30 05:46:07,360 - INFO - Время выполнения: 15.232442378997803
2024-05-30 05:46:07,360 - INFO - Текущая память: 13371.00 KB; Пиковая память: 121069.00 KB
2024-05-30 05:46:12,900 - INFO - 
Имунний - 5.53900146484375
2024-05-30 05:46:12,900 - INFO - Минимальное расстояние для обхода всех городов: 28.722968220085093
2024-05-30 05:46:12,901 - INFO - Время выполнения: 5.53900146484375
2024-05-30 05:46:12,901 - INFO - Текущая память: 13953.00 KB; Пиковая память: 121053.00 KB
2024-06-08 06:38:55,207 - INFO - 
Динамический - 4.435003757476807
2024-06-08 06:38:55,207 - INFO - Минимальное расстояние для обхода всех городов: 28.722968220085093
2024-06-08 06:38:55,208 - INFO - Время выполнения: 4.435003757476807
2024-06-08 06:38:55,208 - INFO - Текущая память: 53933.00 KB; Пиковая память: 127973.00 KB
2024-06-08 06:39:05,156 - INFO - 
Генетический - 9.948272943496704
2024-06-08 06:39:05,157 - INFO - Минимальное расстояние для обхода всех городов: 28.722968220085093
2024-06-08 06:39:05,157 - INFO - Время выполнения: 9.948272943496704
2024-06-08 06:39:05,157 - INFO - Текущая память: 76701.00 KB; Пиковая память: 179167.00 KB
2024-06-08 06:39:20,409 - INFO - 
Муравьиный - 15.250849962234497
2024-06-08 06:39:20,409 - INFO - Минимальное расстояние для обхода всех городов: 28.722968220085093
2024-06-08 06:39:20,409 - INFO - Время выполнения: 15.250849962234497
2024-06-08 06:39:20,409 - INFO - Текущая память: 18327.00 KB; Пиковая память: 125002.00 KB
2024-06-08 06:39:25,569 - INFO - 
Имунний - 5.160166263580322
2024-06-08 06:39:25,569 - INFO - Минимальное расстояние для обхода всех городов: 28.722968220085093
2024-06-08 06:39:25,569 - INFO - Время выполнения: 5.160166263580322
2024-06-08 06:39:25,569 - INFO - Текущая память: 13953.00 KB; Пиковая память: 124986.00 KB
2024-06-08 06:39:30,728 - INFO - 
Имунний - 5.156441688537598
2024-06-08 06:39:30,728 - INFO - Минимальное расстояние для обхода всех городов: 28.722968220085093
2024-06-08 06:39:30,728 - INFO - Время выполнения: 5.156441688537598
2024-06-08 06:39:30,728 - INFO - Текущая память: 13945.00 KB; Пиковая память: 124970.00 KB
2024-06-08 06:39:35,809 - INFO - 
Отжимания - 5.079375743865967
2024-06-08 06:39:35,809 - INFO - Минимальное расстояние для обхода всех городов: 28.722968220085093
2024-06-08 06:39:35,809 - INFO - Время выполнения: 5.079375743865967
2024-06-08 06:39:35,809 - INFO - Текущая память: 5265.00 KB; Пиковая память: 124954.00 KB
